android/app/build/intermediates/manifest_merge_blame_file/debug/manifest-merger-blame-debug-report.txt
1<?xml version="1.0" encoding="utf-8"?>
2<manifest xmlns:android="http://schemas.android.com/apk/res/android"
3    package="com.project001"
4    android:versionCode="1"
5    android:versionName="1.0" >
6
7    <uses-sdk
8        android:minSdkVersion="21"
9        android:targetSdkVersion="29" />
10
11    <uses-permission android:name="android.permission.SYSTEM_ALERT_WINDOW" />
11-->src/debug/AndroidManifest.xml:5:5-77
11-->src/debug/AndroidManifest.xml:5:22-75
12    <uses-permission android:name="android.permission.INTERNET" />
12-->src/main/AndroidManifest.xml:4:5-66
12-->src/main/AndroidManifest.xml:4:22-64
13    <uses-permission android:name="android.permission.CAMERA" />
13-->src/main/AndroidManifest.xml:5:5-65
13-->src/main/AndroidManifest.xml:5:22-62
14    <uses-permission android:name="android.permission.RECORD_AUDIO" />
14-->src/main/AndroidManifest.xml:6:5-70
14-->src/main/AndroidManifest.xml:6:22-68
15    <uses-permission android:name="android.permission.READ_EXTERNAL_STORAGE" />
15-->src/main/AndroidManifest.xml:7:5-80
15-->src/main/AndroidManifest.xml:7:22-77
16    <uses-permission android:name="android.permission.WRITE_EXTERNAL_STORAGE" />
16-->src/main/AndroidManifest.xml:8:5-81
16-->src/main/AndroidManifest.xml:8:22-78
17    <uses-permission android:name="android.permission.ACCESS_WIFI_STATE" />
17-->[com.facebook.flipper:flipper:0.54.0] AndroidManifest.xml:16:5-76
17-->[com.facebook.flipper:flipper:0.54.0] AndroidManifest.xml:16:22-73
18    <uses-permission android:name="android.permission.WAKE_LOCK" />
18-->[:react-native-firebase_auth] AndroidManifest.xml:12:5-68
18-->[:react-native-firebase_auth] AndroidManifest.xml:12:22-65
19    <uses-permission android:name="android.permission.ACCESS_NETWORK_STATE" />
19-->[:react-native-firebase_auth] AndroidManifest.xml:13:5-79
19-->[:react-native-firebase_auth] AndroidManifest.xml:13:22-76
20
21    <uses-feature
21-->[:react-native-camera] AndroidManifest.xml:11:5-13:36
22        android:name="android.hardware.camera"
22-->[:react-native-camera] AndroidManifest.xml:12:9-47
23        android:required="false" />
23-->[:react-native-camera] AndroidManifest.xml:13:9-33
24    <uses-feature
24-->[:react-native-camera] AndroidManifest.xml:14:5-16:36
25        android:name="android.hardware.camera.autofocus"
25-->[:react-native-camera] AndroidManifest.xml:15:9-57
26        android:required="false" />
26-->[:react-native-camera] AndroidManifest.xml:16:9-33
27
28    <uses-permission android:name="com.google.android.finsky.permission.BIND_GET_INSTALL_REFERRER_SERVICE" />
28-->[com.android.installreferrer:installreferrer:1.0] AndroidManifest.xml:9:5-110
28-->[com.android.installreferrer:installreferrer:1.0] AndroidManifest.xml:9:22-107
29
30    <application
30-->src/main/AndroidManifest.xml:9:5-30:19
31        android:name="com.project001.MainApplication"
31-->src/main/AndroidManifest.xml:10:7-38
32        android:allowBackup="false"
32-->src/main/AndroidManifest.xml:14:7-34
33        android:appComponentFactory="androidx.core.app.CoreComponentFactory"
33-->[androidx.core:core:1.3.1] AndroidManifest.xml:24:18-86
34        android:debuggable="true"
35        android:icon="@mipmap/ic_launcher"
35-->src/main/AndroidManifest.xml:12:7-41
36        android:label="@string/app_name"
36-->src/main/AndroidManifest.xml:11:7-39
37        android:roundIcon="@mipmap/ic_launcher_round"
37-->src/main/AndroidManifest.xml:13:7-52
38        android:supportsRtl="true"
38-->[com.facebook.android:facebook-android-sdk:7.1.0] AndroidManifest.xml:28:18-44
39        android:theme="@style/AppTheme"
39-->src/main/AndroidManifest.xml:15:7-38
40        android:usesCleartextTraffic="true" >
40-->src/debug/AndroidManifest.xml:7:18-53
41        <activity
41-->src/main/AndroidManifest.xml:16:7-26:18
42            android:name="com.project001.MainActivity"
42-->src/main/AndroidManifest.xml:17:9-37
43            android:configChanges="keyboard|keyboardHidden|orientation|screenSize|uiMode"
43-->src/main/AndroidManifest.xml:19:9-86
44            android:label="@string/app_name"
44-->src/main/AndroidManifest.xml:18:9-41
45            android:launchMode="singleTask"
45-->src/main/AndroidManifest.xml:20:9-40
46            android:windowSoftInputMode="adjustResize" >
46-->src/main/AndroidManifest.xml:21:9-51
47            <intent-filter>
47-->src/main/AndroidManifest.xml:22:9-25:25
48                <action android:name="android.intent.action.MAIN" />
48-->src/main/AndroidManifest.xml:23:13-65
48-->src/main/AndroidManifest.xml:23:21-62
49
50                <category android:name="android.intent.category.LAUNCHER" />
50-->src/main/AndroidManifest.xml:24:13-73
50-->src/main/AndroidManifest.xml:24:23-70
51            </intent-filter>
52        </activity>
53        <activity android:name="com.facebook.react.devsupport.DevSettingsActivity" />
53-->src/main/AndroidManifest.xml:27:7-84
53-->src/main/AndroidManifest.xml:27:17-81
54
55        <meta-data
55-->src/main/AndroidManifest.xml:28:5-103
56            android:name="com.facebook.sdk.ApplicationId"
56-->src/main/AndroidManifest.xml:28:16-61
57            android:value="@string/facebook_app_id" />
57-->src/main/AndroidManifest.xml:28:62-101
58
59        <provider
59-->[:react-native-image-picker] AndroidManifest.xml:12:9-20:20
60            android:name="com.imagepicker.ImagePickerProvider"
60-->[:react-native-image-picker] AndroidManifest.xml:13:13-63
61            android:authorities="com.project001.imagepickerprovider"
61-->[:react-native-image-picker] AndroidManifest.xml:14:13-71
62            android:exported="false"
62-->[:react-native-image-picker] AndroidManifest.xml:15:13-37
63            android:grantUriPermissions="true" >
63-->[:react-native-image-picker] AndroidManifest.xml:16:13-47
64            <meta-data
64-->[:react-native-image-picker] AndroidManifest.xml:17:13-19:70
65                android:name="android.support.FILE_PROVIDER_PATHS"
65-->[:react-native-image-picker] AndroidManifest.xml:18:17-67
66                android:resource="@xml/imagepicker_provider_paths" />
66-->[:react-native-image-picker] AndroidManifest.xml:19:17-67
67        </provider>
68
69        <activity
69-->[com.facebook.android:facebook-common:7.1.0] AndroidManifest.xml:30:9-33:66
70            android:name="com.facebook.FacebookActivity"
70-->[com.facebook.android:facebook-common:7.1.0] AndroidManifest.xml:31:13-57
71            android:configChanges="keyboard|keyboardHidden|screenLayout|screenSize|orientation"
71-->[com.facebook.android:facebook-common:7.1.0] AndroidManifest.xml:32:13-96
72            android:theme="@style/com_facebook_activity_theme" />
72-->[com.facebook.android:facebook-common:7.1.0] AndroidManifest.xml:33:13-63
73        <activity android:name="com.facebook.CustomTabMainActivity" />
73-->[com.facebook.android:facebook-common:7.1.0] AndroidManifest.xml:34:9-71
73-->[com.facebook.android:facebook-common:7.1.0] AndroidManifest.xml:34:19-68
74        <activity
74-->[com.facebook.android:facebook-common:7.1.0] AndroidManifest.xml:35:9-49:20
75            android:name="com.facebook.CustomTabActivity"
75-->[com.facebook.android:facebook-common:7.1.0] AndroidManifest.xml:36:13-58
76            android:exported="true" >
76-->[com.facebook.android:facebook-common:7.1.0] AndroidManifest.xml:37:13-36
77            <intent-filter>
77-->[com.facebook.android:facebook-common:7.1.0] AndroidManifest.xml:39:13-48:29
78                <action android:name="android.intent.action.VIEW" />
78-->[com.facebook.android:facebook-common:7.1.0] AndroidManifest.xml:40:17-69
78-->[com.facebook.android:facebook-common:7.1.0] AndroidManifest.xml:40:25-66
79
80                <category android:name="android.intent.category.DEFAULT" />
80-->[com.facebook.android:facebook-common:7.1.0] AndroidManifest.xml:42:17-76
80-->[com.facebook.android:facebook-common:7.1.0] AndroidManifest.xml:42:27-73
81                <category android:name="android.intent.category.BROWSABLE" />
81-->[com.facebook.android:facebook-common:7.1.0] AndroidManifest.xml:43:17-78
81-->[com.facebook.android:facebook-common:7.1.0] AndroidManifest.xml:43:27-75
82
83                <data
83-->[com.facebook.android:facebook-common:7.1.0] AndroidManifest.xml:45:17-47:50
84                    android:host="cct.com.project001"
84-->[com.facebook.android:facebook-common:7.1.0] AndroidManifest.xml:46:21-56
85                    android:scheme="fbconnect" />
85-->[com.facebook.android:facebook-common:7.1.0] AndroidManifest.xml:47:21-47
86            </intent-filter>
87        </activity>
88        <!--
89         The initialization ContentProvider will call FacebookSdk.sdkInitialize automatically
90         with the application context. This config is merged in with the host app's manifest,
91         but there can only be one provider with the same authority activated at any given
92         point; so if the end user has two or more different apps that use Facebook SDK, only the
93         first one will be able to use the provider. To work around this problem, we use the
94         following placeholder in the authority to identify each host application as if it was
95         a completely different provider.
96        -->
97        <provider
97-->[com.facebook.android:facebook-core:7.1.0] AndroidManifest.xml:39:9-42:40
98            android:name="com.facebook.internal.FacebookInitProvider"
98-->[com.facebook.android:facebook-core:7.1.0] AndroidManifest.xml:40:13-70
99            android:authorities="com.project001.FacebookInitProvider"
99-->[com.facebook.android:facebook-core:7.1.0] AndroidManifest.xml:41:13-72
100            android:exported="false" />
100-->[com.facebook.android:facebook-core:7.1.0] AndroidManifest.xml:42:13-37
101
102        <receiver
102-->[com.facebook.android:facebook-core:7.1.0] AndroidManifest.xml:44:9-50:20
103            android:name="com.facebook.CurrentAccessTokenExpirationBroadcastReceiver"
103-->[com.facebook.android:facebook-core:7.1.0] AndroidManifest.xml:45:13-86
104            android:exported="false" >
104-->[com.facebook.android:facebook-core:7.1.0] AndroidManifest.xml:46:13-37
105            <intent-filter>
105-->[com.facebook.android:facebook-core:7.1.0] AndroidManifest.xml:47:13-49:29
106                <action android:name="com.facebook.sdk.ACTION_CURRENT_ACCESS_TOKEN_CHANGED" />
106-->[com.facebook.android:facebook-core:7.1.0] AndroidManifest.xml:48:17-95
106-->[com.facebook.android:facebook-core:7.1.0] AndroidManifest.xml:48:25-92
107            </intent-filter>
108        </receiver>
109
110        <activity
110-->[com.google.android.gms:play-services-auth:19.0.0] AndroidManifest.xml:23:9-27:75
111            android:name="com.google.android.gms.auth.api.signin.internal.SignInHubActivity"
111-->[com.google.android.gms:play-services-auth:19.0.0] AndroidManifest.xml:24:13-93
112            android:excludeFromRecents="true"
112-->[com.google.android.gms:play-services-auth:19.0.0] AndroidManifest.xml:25:13-46
113            android:exported="false"
113-->[com.google.android.gms:play-services-auth:19.0.0] AndroidManifest.xml:26:13-37
114            android:theme="@android:style/Theme.Translucent.NoTitleBar" />
114-->[com.google.android.gms:play-services-auth:19.0.0] AndroidManifest.xml:27:13-72
115        <!--
116            Service handling Google Sign-In user revocation. For apps that do not integrate with
117            Google Sign-In, this service will never be started.
118        -->
119        <service
119-->[com.google.android.gms:play-services-auth:19.0.0] AndroidManifest.xml:33:9-37:51
120            android:name="com.google.android.gms.auth.api.signin.RevocationBoundService"
120-->[com.google.android.gms:play-services-auth:19.0.0] AndroidManifest.xml:34:13-89
121            android:exported="true"
121-->[com.google.android.gms:play-services-auth:19.0.0] AndroidManifest.xml:35:13-36
122            android:permission="com.google.android.gms.auth.api.signin.permission.REVOCATION_NOTIFICATION"
122-->[com.google.android.gms:play-services-auth:19.0.0] AndroidManifest.xml:36:13-107
123            android:visibleToInstantApps="true" />
123-->[com.google.android.gms:play-services-auth:19.0.0] AndroidManifest.xml:37:13-48
124
125        <activity
125-->[com.google.firebase:firebase-auth:20.0.1] AndroidManifest.xml:27:9-44:20
126            android:name="com.google.firebase.auth.internal.GenericIdpActivity"
126-->[com.google.firebase:firebase-auth:20.0.1] AndroidManifest.xml:28:13-80
127            android:excludeFromRecents="true"
127-->[com.google.firebase:firebase-auth:20.0.1] AndroidManifest.xml:29:13-46
128            android:exported="true"
128-->[com.google.firebase:firebase-auth:20.0.1] AndroidManifest.xml:30:13-36
129            android:launchMode="singleTask"
129-->[com.google.firebase:firebase-auth:20.0.1] AndroidManifest.xml:31:13-44
130            android:theme="@android:style/Theme.Translucent.NoTitleBar" >
130-->[com.google.firebase:firebase-auth:20.0.1] AndroidManifest.xml:32:13-72
131            <intent-filter>
131-->[com.google.firebase:firebase-auth:20.0.1] AndroidManifest.xml:33:13-43:29
132                <action android:name="android.intent.action.VIEW" />
132-->[com.facebook.android:facebook-common:7.1.0] AndroidManifest.xml:40:17-69
132-->[com.facebook.android:facebook-common:7.1.0] AndroidManifest.xml:40:25-66
133
134                <category android:name="android.intent.category.DEFAULT" />
134-->[com.facebook.android:facebook-common:7.1.0] AndroidManifest.xml:42:17-76
134-->[com.facebook.android:facebook-common:7.1.0] AndroidManifest.xml:42:27-73
135                <category android:name="android.intent.category.BROWSABLE" />
135-->[com.facebook.android:facebook-common:7.1.0] AndroidManifest.xml:43:17-78
135-->[com.facebook.android:facebook-common:7.1.0] AndroidManifest.xml:43:27-75
136
137                <data
137-->[com.facebook.android:facebook-common:7.1.0] AndroidManifest.xml:45:17-47:50
138                    android:host="firebase.auth"
138-->[com.facebook.android:facebook-common:7.1.0] AndroidManifest.xml:46:21-56
139                    android:path="/"
140                    android:scheme="genericidp" />
140-->[com.facebook.android:facebook-common:7.1.0] AndroidManifest.xml:47:21-47
141            </intent-filter>
142        </activity>
143        <activity
143-->[com.google.firebase:firebase-auth:20.0.1] AndroidManifest.xml:45:9-62:20
144            android:name="com.google.firebase.auth.internal.RecaptchaActivity"
144-->[com.google.firebase:firebase-auth:20.0.1] AndroidManifest.xml:46:13-79
145            android:excludeFromRecents="true"
145-->[com.google.firebase:firebase-auth:20.0.1] AndroidManifest.xml:47:13-46
146            android:exported="true"
146-->[com.google.firebase:firebase-auth:20.0.1] AndroidManifest.xml:48:13-36
147            android:launchMode="singleTask"
147-->[com.google.firebase:firebase-auth:20.0.1] AndroidManifest.xml:49:13-44
148            android:theme="@android:style/Theme.Translucent.NoTitleBar" >
148-->[com.google.firebase:firebase-auth:20.0.1] AndroidManifest.xml:50:13-72
149            <intent-filter>
149-->[com.google.firebase:firebase-auth:20.0.1] AndroidManifest.xml:51:13-61:29
150                <action android:name="android.intent.action.VIEW" />
150-->[com.facebook.android:facebook-common:7.1.0] AndroidManifest.xml:40:17-69
150-->[com.facebook.android:facebook-common:7.1.0] AndroidManifest.xml:40:25-66
151
152                <category android:name="android.intent.category.DEFAULT" />
152-->[com.facebook.android:facebook-common:7.1.0] AndroidManifest.xml:42:17-76
152-->[com.facebook.android:facebook-common:7.1.0] AndroidManifest.xml:42:27-73
153                <category android:name="android.intent.category.BROWSABLE" />
153-->[com.facebook.android:facebook-common:7.1.0] AndroidManifest.xml:43:17-78
153-->[com.facebook.android:facebook-common:7.1.0] AndroidManifest.xml:43:27-75
154
155                <data
155-->[com.facebook.android:facebook-common:7.1.0] AndroidManifest.xml:45:17-47:50
156                    android:host="firebase.auth"
156-->[com.facebook.android:facebook-common:7.1.0] AndroidManifest.xml:46:21-56
157                    android:path="/"
158                    android:scheme="recaptcha" />
158-->[com.facebook.android:facebook-common:7.1.0] AndroidManifest.xml:47:21-47
159            </intent-filter>
160        </activity>
161
162        <service
162-->[com.google.firebase:firebase-auth:20.0.1] AndroidManifest.xml:64:9-73:19
163            android:name="com.google.firebase.auth.api.fallback.service.FirebaseAuthFallbackService"
163-->[com.google.firebase:firebase-auth:20.0.1] AndroidManifest.xml:65:13-101
164            android:enabled="true"
164-->[com.google.firebase:firebase-auth:20.0.1] AndroidManifest.xml:66:13-35
165            android:exported="false" >
165-->[com.google.firebase:firebase-auth:20.0.1] AndroidManifest.xml:67:13-37
166            <intent-filter>
166-->[com.google.firebase:firebase-auth:20.0.1] AndroidManifest.xml:68:13-72:29
167                <action android:name="com.google.firebase.auth.api.gms.service.START" />
167-->[com.google.firebase:firebase-auth:20.0.1] AndroidManifest.xml:69:17-89
167-->[com.google.firebase:firebase-auth:20.0.1] AndroidManifest.xml:69:25-86
168
169                <category android:name="android.intent.category.DEFAULT" />
169-->[com.facebook.android:facebook-common:7.1.0] AndroidManifest.xml:42:17-76
169-->[com.facebook.android:facebook-common:7.1.0] AndroidManifest.xml:42:27-73
170            </intent-filter>
171        </service>
172        <service
172-->[com.google.firebase:firebase-auth:20.0.1] AndroidManifest.xml:74:9-80:19
173            android:name="com.google.firebase.components.ComponentDiscoveryService"
173-->[com.google.firebase:firebase-auth:20.0.1] AndroidManifest.xml:75:13-84
174            android:directBootAware="true"
174-->[com.google.firebase:firebase-common:19.4.0] AndroidManifest.xml:35:13-43
175            android:exported="false" >
175-->[com.google.firebase:firebase-auth:20.0.1] AndroidManifest.xml:76:13-37
176            <meta-data
176-->[com.google.firebase:firebase-auth:20.0.1] AndroidManifest.xml:77:13-79:85
177                android:name="com.google.firebase.components:com.google.firebase.auth.FirebaseAuthRegistrar"
177-->[com.google.firebase:firebase-auth:20.0.1] AndroidManifest.xml:78:17-109
178                android:value="com.google.firebase.components.ComponentRegistrar" />
178-->[com.google.firebase:firebase-auth:20.0.1] AndroidManifest.xml:79:17-82
179            <meta-data
179-->[com.google.firebase:firebase-database:19.5.1] AndroidManifest.xml:32:13-34:85
180                android:name="com.google.firebase.components:com.google.firebase.database.DatabaseRegistrar"
180-->[com.google.firebase:firebase-database:19.5.1] AndroidManifest.xml:33:17-109
181                android:value="com.google.firebase.components.ComponentRegistrar" />
181-->[com.google.firebase:firebase-database:19.5.1] AndroidManifest.xml:34:17-82
182        </service>
183
184        <activity
184-->[com.google.android.gms:play-services-base:17.1.0] AndroidManifest.xml:23:9-26:75
185            android:name="com.google.android.gms.common.api.GoogleApiActivity"
185-->[com.google.android.gms:play-services-base:17.1.0] AndroidManifest.xml:24:13-79
186            android:exported="false"
186-->[com.google.android.gms:play-services-base:17.1.0] AndroidManifest.xml:25:13-37
187            android:theme="@android:style/Theme.Translucent.NoTitleBar" />
187-->[com.google.android.gms:play-services-base:17.1.0] AndroidManifest.xml:26:13-72
188
189        <provider
189-->[com.google.firebase:firebase-common:19.4.0] AndroidManifest.xml:26:9-31:39
190            android:name="com.google.firebase.provider.FirebaseInitProvider"
190-->[com.google.firebase:firebase-common:19.4.0] AndroidManifest.xml:27:13-77
191            android:authorities="com.project001.firebaseinitprovider"
191-->[com.google.firebase:firebase-common:19.4.0] AndroidManifest.xml:28:13-72
192            android:directBootAware="true"
192-->[com.google.firebase:firebase-common:19.4.0] AndroidManifest.xml:29:13-43
193            android:exported="false"
193-->[com.google.firebase:firebase-common:19.4.0] AndroidManifest.xml:30:13-37
194            android:initOrder="100" />
194-->[com.google.firebase:firebase-common:19.4.0] AndroidManifest.xml:31:13-36
195
196        <meta-data
196-->[com.google.android.gms:play-services-basement:17.1.1] AndroidManifest.xml:23:9-25:69
197            android:name="com.google.android.gms.version"
197-->[com.google.android.gms:play-services-basement:17.1.1] AndroidManifest.xml:24:13-58
198            android:value="@integer/google_play_services_version" />
198-->[com.google.android.gms:play-services-basement:17.1.1] AndroidManifest.xml:25:13-66
199    </application>
200
201</manifest>